Using pre-set license
Built from '2020.3/staging' branch; Version is '2020.3.20f1 (41c4e627c95f) revision 4310246'; Using compiler version '192528614'; Build Type 'Release'
OS: 'Windows 10 Home; OS build 19042.1466; Version 2009; 64bit' Language: 'en' Physical Memory: 32538 MB
BatchMode: 1, IsHumanControllingUs: 0, StartBugReporterOnCrash: 0, Is64bit: 1, IsPro: 0

COMMAND LINE ARGUMENTS:
C:\Users\vgm10\OneDrive\Documents\2020.3.20f1\Editor\Unity.exe
-adb2
-batchMode
-noUpm
-name
AssetImportWorker0
-projectPath
C:/Users/vgm10/OneDrive/Documents/Game Production/Zelda Mario Level
-logFile
Logs/AssetImportWorker0.log
-srvPort
50463
Successfully changed project path to: C:/Users/vgm10/OneDrive/Documents/Game Production/Zelda Mario Level
C:/Users/vgm10/OneDrive/Documents/Game Production/Zelda Mario Level
Using Asset Import Pipeline V2.
Refreshing native plugins compatible for Editor in 34.27 ms, found 3 plugins.
Preloading 0 native plugins for Editor in 0.00 ms.
Initialize engine version: 2020.3.20f1 (41c4e627c95f)
[Subsystems] Discovering subsystems at path C:/Users/vgm10/OneDrive/Documents/2020.3.20f1/Editor/Data/Resources/UnitySubsystems
[Subsystems] Discovering subsystems at path C:/Users/vgm10/OneDrive/Documents/Game Production/Zelda Mario Level/Assets
GfxDevice: creating device client; threaded=0
Direct3D:
    Version:  Direct3D 11.0 [level 11.1]
    Renderer: NVIDIA GeForce GTX 1660 Ti (ID=0x2182)
    Vendor:   
    VRAM:     5991 MB
    Driver:   27.21.14.6137
Initialize mono
Mono path[0] = 'C:/Users/vgm10/OneDrive/Documents/2020.3.20f1/Editor/Data/Managed'
Mono path[1] = 'C:/Users/vgm10/OneDrive/Documents/2020.3.20f1/Editor/Data/MonoBleedingEdge/lib/mono/unityjit'
Mono config path = 'C:/Users/vgm10/OneDrive/Documents/2020.3.20f1/Editor/Data/MonoBleedingEdge/etc'
Using monoOptions --debugger-agent=transport=dt_socket,embedding=1,server=y,suspend=n,address=127.0.0.1:56820
Begin MonoManager ReloadAssembly
Registering precompiled unity dll's ...
Register platform support module: C:/Users/vgm10/OneDrive/Documents/2020.3.20f1/Editor/Data/PlaybackEngines/WindowsStandaloneSupport/UnityEditor.WindowsStandalone.Extensions.dll
Registered in 0.001713 seconds.
Native extension for WindowsStandalone target not found
Refreshing native plugins compatible for Editor in 34.69 ms, found 3 plugins.
Preloading 0 native plugins for Editor in 0.00 ms.
Mono: successfully reloaded assembly
- Completed reload, in  0.930 seconds
Domain Reload Profiling:
	ReloadAssembly (930ms)
		BeginReloadAssembly (46ms)
			ExecutionOrderSort (0ms)
			DisableScriptedObjects (0ms)
			BackupInstance (0ms)
			ReleaseScriptingObjects (0ms)
			CreateAndSetChildDomain (1ms)
		EndReloadAssembly (340ms)
			LoadAssemblies (44ms)
			RebuildTransferFunctionScriptingTraits (0ms)
			SetupTypeCache (124ms)
			ReleaseScriptCaches (0ms)
			RebuildScriptCaches (24ms)
			SetupLoadedEditorAssemblies (137ms)
				LogAssemblyErrors (0ms)
				InitializePlatformSupportModulesInManaged (3ms)
				SetLoadedEditorAssemblies (0ms)
				RefreshPlugins (35ms)
				BeforeProcessingInitializeOnLoad (10ms)
				ProcessInitializeOnLoadAttributes (64ms)
				ProcessInitializeOnLoadMethodAttributes (25ms)
				AfterProcessingInitializeOnLoad (0ms)
				EditorAssembliesLoaded (0ms)
			ExecutionOrderSort2 (0ms)
			AwakeInstancesAfterBackupRestoration (0ms)
Platform modules already initialized, skipping
Registering precompiled user dll's ...
Registered in 0.002749 seconds.
Begin MonoManager ReloadAssembly
Native extension for WindowsStandalone target not found
Refreshing native plugins compatible for Editor in 36.39 ms, found 3 plugins.
Preloading 0 native plugins for Editor in 0.00 ms.
Mono: successfully reloaded assembly
- Completed reload, in  0.916 seconds
Domain Reload Profiling:
	ReloadAssembly (916ms)
		BeginReloadAssembly (119ms)
			ExecutionOrderSort (0ms)
			DisableScriptedObjects (3ms)
			BackupInstance (0ms)
			ReleaseScriptingObjects (0ms)
			CreateAndSetChildDomain (15ms)
		EndReloadAssembly (745ms)
			LoadAssemblies (75ms)
			RebuildTransferFunctionScriptingTraits (0ms)
			SetupTypeCache (231ms)
			ReleaseScriptCaches (1ms)
			RebuildScriptCaches (50ms)
			SetupLoadedEditorAssemblies (283ms)
				LogAssemblyErrors (0ms)
				InitializePlatformSupportModulesInManaged (3ms)
				SetLoadedEditorAssemblies (0ms)
				RefreshPlugins (36ms)
				BeforeProcessingInitializeOnLoad (64ms)
				ProcessInitializeOnLoadAttributes (163ms)
				ProcessInitializeOnLoadMethodAttributes (10ms)
				AfterProcessingInitializeOnLoad (6ms)
				EditorAssembliesLoaded (0ms)
			ExecutionOrderSort2 (0ms)
			AwakeInstancesAfterBackupRestoration (5ms)
Platform modules already initialized, skipping
========================================================================
Worker process is ready to serve import requests
Launched and connected shader compiler UnityShaderCompiler.exe after 0.04 seconds
Refreshing native plugins compatible for Editor in 0.38 ms, found 3 plugins.
Preloading 0 native plugins for Editor in 0.00 ms.
Unloading 2093 Unused Serialized files (Serialized files now loaded: 0)
System memory in use before: 93.2 MB.
System memory in use after: 93.3 MB.

Unloading 26 unused Assets to reduce memory usage. Loaded Objects now: 2533.
Total: 2.474500 ms (FindLiveObjects: 0.173300 ms CreateObjectMapping: 0.078800 ms MarkObjects: 2.165400 ms  DeleteObjects: 0.055500 ms)

AssetImportParameters requested are different than current active one (requested -> active):
  custom:framework-win-MediaFoundation: 216162199b28c13a410421893ffa2e32 -> 
  custom:video-decoder-ogg-theora: a1e56fd34408186e4bbccfd4996cb3dc -> 
  custom:container-muxer-webm: aa71ff27fc2769a1b78a27578f13a17b -> 
  custom:container-demuxer-webm: 4f35f7cbe854078d1ac9338744f61a02 -> 
  custom:container-demuxer-ogg: 62fdf1f143b41e24485cea50d1cbac27 -> 
  custom:video-encoder-webm-vp8: eb34c28f22e8b96e1ab97ce403110664 -> 
  custom:video-codec-MediaFoundation-h265: 746d11721c4dcdbdad8f713fa42b33f4 -> 
  custom:video-decoder-webm-vp8: 9c59270c3fd7afecdb556c50c9e8de78 -> 
  custom:audio-decoder-ogg-vorbis: bf7c407c2cedff20999df2af8eb42d56 -> 
  custom:audio-encoder-webm-vorbis: bf7c407c2cedff20999df2af8eb42d56 -> 
========================================================================
Received Import Request.
  path: Assets/Tiles/GroundBlock.prefab
  artifactKey: Guid(218a0f1b5ab29bd49ae3d24f19ab05f9) Importer(815301076,1909f56bfc062723c751e8b465ee728b)
Start importing Assets/Tiles/GroundBlock.prefab using Guid(218a0f1b5ab29bd49ae3d24f19ab05f9) Importer(815301076,1909f56bfc062723c751e8b465ee728b)  -> (artifact id: 'db31428c31ddbd055f54f9ea17c74a49') in 0.073649 seconds 
  Import took 0.077489 seconds .

========================================================================
Received Import Request.
  Time since last request: 77.756798 seconds.
  path: Assets/Tiles/Ground Block.prefab
  artifactKey: Guid(0e4742b09e072fe4cb5be5e046ac113f) Importer(815301076,1909f56bfc062723c751e8b465ee728b)
Start importing Assets/Tiles/Ground Block.prefab using Guid(0e4742b09e072fe4cb5be5e046ac113f) Importer(815301076,1909f56bfc062723c751e8b465ee728b)  -> (artifact id: '49cc764aae9864d69f344902a56d7ed6') in 0.007480 seconds 
  Import took 0.012614 seconds .

========================================================================
Received Import Request.
  Time since last request: 10.718127 seconds.
  path: Assets
  artifactKey: Guid(00000000000000001000000000000000) Importer(815301076,1909f56bfc062723c751e8b465ee728b)
Start importing Assets using Guid(00000000000000001000000000000000) Importer(815301076,1909f56bfc062723c751e8b465ee728b)  -> (artifact id: '42d402b061de3733987d63b9cc3b64de') in 0.001105 seconds 
  Import took 0.005089 seconds .

========================================================================
Received Import Request.
  Time since last request: 18.271702 seconds.
  path: Assets/Tiles/Ground Block V3.png
  artifactKey: Guid(257247671cc74424a8976b92c794f922) Importer(815301076,1909f56bfc062723c751e8b465ee728b)
Start importing Assets/Tiles/Ground Block V3.png using Guid(257247671cc74424a8976b92c794f922) Importer(815301076,1909f56bfc062723c751e8b465ee728b)  -> (artifact id: '0e56201bd81510750cfcdac8aef58484') in 0.027127 seconds 
  Import took 0.031222 seconds .

========================================================================
Received Import Request.
  Time since last request: 27.075668 seconds.
  path: Assets/Tiles/Ground Block V3.png
  artifactKey: Guid(257247671cc74424a8976b92c794f922) Importer(815301076,1909f56bfc062723c751e8b465ee728b)
Start importing Assets/Tiles/Ground Block V3.png using Guid(257247671cc74424a8976b92c794f922) Importer(815301076,1909f56bfc062723c751e8b465ee728b)  -> (artifact id: 'f5a01b879227a0e848997354de24804a') in 0.006337 seconds 
  Import took 0.009881 seconds .

========================================================================
Received Import Request.
  Time since last request: 8.262135 seconds.
  path: Assets/Tiles/Ground Block V3.png
  artifactKey: Guid(257247671cc74424a8976b92c794f922) Importer(815301076,1909f56bfc062723c751e8b465ee728b)
Start importing Assets/Tiles/Ground Block V3.png using Guid(257247671cc74424a8976b92c794f922) Importer(815301076,1909f56bfc062723c751e8b465ee728b)  -> (artifact id: '62a62a3ce6072577325a3bda6492aed9') in 0.017538 seconds 
  Import took 0.020938 seconds .

========================================================================
Received Import Request.
  Time since last request: 6.419998 seconds.
  path: Assets/Tiles/Ground Block V3.png
  artifactKey: Guid(257247671cc74424a8976b92c794f922) Importer(815301076,1909f56bfc062723c751e8b465ee728b)
Start importing Assets/Tiles/Ground Block V3.png using Guid(257247671cc74424a8976b92c794f922) Importer(815301076,1909f56bfc062723c751e8b465ee728b)  -> (artifact id: 'fcdc64d512d466b6f2de8cb0acdc9f3d') in 0.012198 seconds 
  Import took 0.015135 seconds .

========================================================================
Received Import Request.
  Time since last request: 3.715522 seconds.
  path: Assets/Tiles/Ground Block V3.png
  artifactKey: Guid(257247671cc74424a8976b92c794f922) Importer(815301076,1909f56bfc062723c751e8b465ee728b)
Start importing Assets/Tiles/Ground Block V3.png using Guid(257247671cc74424a8976b92c794f922) Importer(815301076,1909f56bfc062723c751e8b465ee728b)  -> (artifact id: '01bd463f953bad2c786374bf2184fb31') in 0.012282 seconds 
  Import took 0.015300 seconds .

========================================================================
Received Import Request.
  Time since last request: 4.641517 seconds.
  path: Assets/Tiles/Ground Block V3.png
  artifactKey: Guid(257247671cc74424a8976b92c794f922) Importer(815301076,1909f56bfc062723c751e8b465ee728b)
Start importing Assets/Tiles/Ground Block V3.png using Guid(257247671cc74424a8976b92c794f922) Importer(815301076,1909f56bfc062723c751e8b465ee728b)  -> (artifact id: 'ac282f2e1773ea8d052595a84b7e36eb') in 0.013409 seconds 
  Import took 0.016451 seconds .

========================================================================
Received Import Request.
  Time since last request: 161.866101 seconds.
  path: Assets/Tiles/Ground Block V3.png
  artifactKey: Guid(257247671cc74424a8976b92c794f922) Importer(815301076,1909f56bfc062723c751e8b465ee728b)
Start importing Assets/Tiles/Ground Block V3.png using Guid(257247671cc74424a8976b92c794f922) Importer(815301076,1909f56bfc062723c751e8b465ee728b)  -> (artifact id: 'df2a1b211046b9c1adb3668342462d30') in 0.015704 seconds 
  Import took 0.019687 seconds .

========================================================================
Received Import Request.
  Time since last request: 9.957211 seconds.
  path: Assets/Tiles/Ground Block V3.asset
  artifactKey: Guid(44aec3407f3aa6e448026d682d398e8a) Importer(815301076,1909f56bfc062723c751e8b465ee728b)
Start importing Assets/Tiles/Ground Block V3.asset using Guid(44aec3407f3aa6e448026d682d398e8a) Importer(815301076,1909f56bfc062723c751e8b465ee728b)  -> (artifact id: 'c28e6964f32cdc4e29589ef6cd02bea5') in 0.021483 seconds 
  Import took 0.025503 seconds .

========================================================================
Received Import Request.
  Time since last request: 0.000234 seconds.
  path: Assets/Tiles/Ground Block.prefab
  artifactKey: Guid(0e4742b09e072fe4cb5be5e046ac113f) Importer(815301076,1909f56bfc062723c751e8b465ee728b)
Start importing Assets/Tiles/Ground Block.prefab using Guid(0e4742b09e072fe4cb5be5e046ac113f) Importer(815301076,1909f56bfc062723c751e8b465ee728b)  -> (artifact id: '936ee925abfb7561faf58e2e10567729') in 0.012455 seconds 
  Import took 0.016201 seconds .

========================================================================
Received Import Request.
  Time since last request: 32.786612 seconds.
  path: Assets/Tiles/Ground Block V3.png
  artifactKey: Guid(257247671cc74424a8976b92c794f922) Importer(815301076,1909f56bfc062723c751e8b465ee728b)
Start importing Assets/Tiles/Ground Block V3.png using Guid(257247671cc74424a8976b92c794f922) Importer(815301076,1909f56bfc062723c751e8b465ee728b)  -> (artifact id: '6c0eb0686377a4beab739427ac031dce') in 0.024580 seconds 
  Import took 0.027956 seconds .

========================================================================
Received Import Request.
  Time since last request: 5.942176 seconds.
  path: Assets/Tiles/Ground Block V3.png
  artifactKey: Guid(257247671cc74424a8976b92c794f922) Importer(815301076,1909f56bfc062723c751e8b465ee728b)
Start importing Assets/Tiles/Ground Block V3.png using Guid(257247671cc74424a8976b92c794f922) Importer(815301076,1909f56bfc062723c751e8b465ee728b)  -> (artifact id: '8e5436cb9befe39ad951cffb40943478') in 0.016045 seconds 
  Import took 0.019313 seconds .

========================================================================
Received Import Request.
  Time since last request: 5.462292 seconds.
  path: Assets/Tiles/Ground Block V3.png
  artifactKey: Guid(257247671cc74424a8976b92c794f922) Importer(815301076,1909f56bfc062723c751e8b465ee728b)
Start importing Assets/Tiles/Ground Block V3.png using Guid(257247671cc74424a8976b92c794f922) Importer(815301076,1909f56bfc062723c751e8b465ee728b)  -> (artifact id: '8694f128d6e7fd9bcd989c1652ea781e') in 0.018799 seconds 
  Import took 0.022009 seconds .

========================================================================
Received Import Request.
  Time since last request: 6.138630 seconds.
  path: Assets/Tiles/Ground Block V3.png
  artifactKey: Guid(257247671cc74424a8976b92c794f922) Importer(815301076,1909f56bfc062723c751e8b465ee728b)
Start importing Assets/Tiles/Ground Block V3.png using Guid(257247671cc74424a8976b92c794f922) Importer(815301076,1909f56bfc062723c751e8b465ee728b)  -> (artifact id: 'f3864f039be45b7436052b2b13cb406b') in 0.015149 seconds 
  Import took 0.018635 seconds .

========================================================================
Received Import Request.
  Time since last request: 10.518187 seconds.
  path: Assets/Tiles/Ground Block V3.png
  artifactKey: Guid(257247671cc74424a8976b92c794f922) Importer(815301076,1909f56bfc062723c751e8b465ee728b)
Start importing Assets/Tiles/Ground Block V3.png using Guid(257247671cc74424a8976b92c794f922) Importer(815301076,1909f56bfc062723c751e8b465ee728b)  -> (artifact id: '7fac0d00358f7ceacf1c70779e99f285') in 0.015967 seconds 
  Import took 0.019232 seconds .

========================================================================
Received Import Request.
  Time since last request: 451.841076 seconds.
  path: Assets/Tiles/Ground Block NM.prefab
  artifactKey: Guid(b80152ce12b468344bc26816fe9e8456) Importer(815301076,1909f56bfc062723c751e8b465ee728b)
Start importing Assets/Tiles/Ground Block NM.prefab using Guid(b80152ce12b468344bc26816fe9e8456) Importer(815301076,1909f56bfc062723c751e8b465ee728b)  -> (artifact id: 'e6a0d0603efec77a34be72469dc2bd1a') in 0.012688 seconds 
  Import took 0.016707 seconds .

========================================================================
Received Import Request.
  Time since last request: 21.421550 seconds.
  path: Assets/Tiles/Ground Block No Moss.png
  artifactKey: Guid(ae905a25fee5e19428bbb2c3641f48d0) Importer(815301076,1909f56bfc062723c751e8b465ee728b)
Start importing Assets/Tiles/Ground Block No Moss.png using Guid(ae905a25fee5e19428bbb2c3641f48d0) Importer(815301076,1909f56bfc062723c751e8b465ee728b)  -> (artifact id: 'd9e0baba1a7bba5cf3cd8f3a56416fc4') in 0.014313 seconds 
  Import took 0.017390 seconds .

========================================================================
Received Import Request.
  Time since last request: 7.987039 seconds.
  path: Assets/Sprites
  artifactKey: Guid(a507dbe2cc061c946b02f32ffe1243aa) Importer(815301076,1909f56bfc062723c751e8b465ee728b)
Start importing Assets/Sprites using Guid(a507dbe2cc061c946b02f32ffe1243aa) Importer(815301076,1909f56bfc062723c751e8b465ee728b)  -> (artifact id: '466a83788ca7fab2301d6b9f9b5442e3') in 0.003627 seconds 
  Import took 0.006849 seconds .

========================================================================
Received Import Request.
  Time since last request: 25.742714 seconds.
  path: Assets/Tiles/Ground Block NM.prefab
  artifactKey: Guid(b80152ce12b468344bc26816fe9e8456) Importer(815301076,1909f56bfc062723c751e8b465ee728b)
Start importing Assets/Tiles/Ground Block NM.prefab using Guid(b80152ce12b468344bc26816fe9e8456) Importer(815301076,1909f56bfc062723c751e8b465ee728b)  -> (artifact id: '0ab6f944026c1b9a53c07e1ecee4b586') in 0.013355 seconds 
  Import took 0.016798 seconds .

========================================================================
Received Import Request.
  Time since last request: 0.000145 seconds.
  path: Assets/Tiles/Ground Block No Moss.asset
  artifactKey: Guid(9cb7ab8a6b14d4b4894f4e518816b019) Importer(815301076,1909f56bfc062723c751e8b465ee728b)
Start importing Assets/Tiles/Ground Block No Moss.asset using Guid(9cb7ab8a6b14d4b4894f4e518816b019) Importer(815301076,1909f56bfc062723c751e8b465ee728b)  -> (artifact id: '1c0a4ff1284886617b3a22b464ec9711') in 0.009133 seconds 
  Import took 0.012370 seconds .

========================================================================
Received Import Request.
  Time since last request: 12.332505 seconds.
  path: Assets/Tiles/Ground Block No Moss.png
  artifactKey: Guid(ae905a25fee5e19428bbb2c3641f48d0) Importer(815301076,1909f56bfc062723c751e8b465ee728b)
Start importing Assets/Tiles/Ground Block No Moss.png using Guid(ae905a25fee5e19428bbb2c3641f48d0) Importer(815301076,1909f56bfc062723c751e8b465ee728b)  -> (artifact id: 'cd6cffc8a92baf9bc2ad8511ab8cc377') in 0.015495 seconds 
  Import took 0.018784 seconds .

========================================================================
Received Import Request.
  Time since last request: 257.405416 seconds.
  path: Assets/Tiles/Ground Block V3.png
  artifactKey: Guid(257247671cc74424a8976b92c794f922) Importer(815301076,1909f56bfc062723c751e8b465ee728b)
Start importing Assets/Tiles/Ground Block V3.png using Guid(257247671cc74424a8976b92c794f922) Importer(815301076,1909f56bfc062723c751e8b465ee728b)  -> (artifact id: '6123afd6c55bb81eb2d84416d8154911') in 0.020679 seconds 
  Import took 0.024180 seconds .

========================================================================
Received Import Request.
  Time since last request: 5.157290 seconds.
  path: Assets/Tiles/Ground Block V3.png
  artifactKey: Guid(257247671cc74424a8976b92c794f922) Importer(815301076,1909f56bfc062723c751e8b465ee728b)
Start importing Assets/Tiles/Ground Block V3.png using Guid(257247671cc74424a8976b92c794f922) Importer(815301076,1909f56bfc062723c751e8b465ee728b)  -> (artifact id: '5598ece01e002edac8d95b49b0bca6fb') in 0.015773 seconds 
  Import took 0.018987 seconds .

========================================================================
Received Import Request.
  Time since last request: 6.974608 seconds.
  path: Assets/Tiles/Ground Block V3.png
  artifactKey: Guid(257247671cc74424a8976b92c794f922) Importer(815301076,1909f56bfc062723c751e8b465ee728b)
Start importing Assets/Tiles/Ground Block V3.png using Guid(257247671cc74424a8976b92c794f922) Importer(815301076,1909f56bfc062723c751e8b465ee728b)  -> (artifact id: 'd45a5f0ee01a6f9c34e8c556da55abdd') in 0.015739 seconds 
  Import took 0.018902 seconds .

========================================================================
Received Import Request.
  Time since last request: 140.511185 seconds.
  path: Assets/Tiles/Ground Block V3.png
  artifactKey: Guid(257247671cc74424a8976b92c794f922) Importer(815301076,1909f56bfc062723c751e8b465ee728b)
Start importing Assets/Tiles/Ground Block V3.png using Guid(257247671cc74424a8976b92c794f922) Importer(815301076,1909f56bfc062723c751e8b465ee728b)  -> (artifact id: '08bb9df3a7afba3cc9a1cb0d3d023a4c') in 0.019653 seconds 
  Import took 0.022975 seconds .

========================================================================
Received Import Request.
  Time since last request: 16.876708 seconds.
  path: Assets/Tiles/Ground Block V3.png
  artifactKey: Guid(257247671cc74424a8976b92c794f922) Importer(815301076,1909f56bfc062723c751e8b465ee728b)
Start importing Assets/Tiles/Ground Block V3.png using Guid(257247671cc74424a8976b92c794f922) Importer(815301076,1909f56bfc062723c751e8b465ee728b)  -> (artifact id: '21c791e494aa5dd4744d45042a95a8e8') in 0.015436 seconds 
  Import took 0.018497 seconds .

========================================================================
Received Import Request.
  Time since last request: 5.049740 seconds.
  path: Assets/Tiles/Ground Block V3.png
  artifactKey: Guid(257247671cc74424a8976b92c794f922) Importer(815301076,1909f56bfc062723c751e8b465ee728b)
Start importing Assets/Tiles/Ground Block V3.png using Guid(257247671cc74424a8976b92c794f922) Importer(815301076,1909f56bfc062723c751e8b465ee728b)  -> (artifact id: '19f11b1ebb7aa2e8732eb270adc46c61') in 0.019674 seconds 
  Import took 0.022993 seconds .

========================================================================
Received Import Request.
  Time since last request: 4.979609 seconds.
  path: Assets/Tiles/Ground Block V3.png
  artifactKey: Guid(257247671cc74424a8976b92c794f922) Importer(815301076,1909f56bfc062723c751e8b465ee728b)
Start importing Assets/Tiles/Ground Block V3.png using Guid(257247671cc74424a8976b92c794f922) Importer(815301076,1909f56bfc062723c751e8b465ee728b)  -> (artifact id: '1cd7153fe7f50fcc237567da5c2ba455') in 0.018108 seconds 
  Import took 0.021346 seconds .

========================================================================
Received Import Request.
  Time since last request: 48.109946 seconds.
  path: Assets/Tiles/Ground Block No Moss.png
  artifactKey: Guid(ae905a25fee5e19428bbb2c3641f48d0) Importer(815301076,1909f56bfc062723c751e8b465ee728b)
Start importing Assets/Tiles/Ground Block No Moss.png using Guid(ae905a25fee5e19428bbb2c3641f48d0) Importer(815301076,1909f56bfc062723c751e8b465ee728b)  -> (artifact id: '11d9351eaca192cc4d1b3c306af166c3') in 0.014098 seconds 
  Import took 0.017369 seconds .

========================================================================
Received Import Request.
  Time since last request: 10.252861 seconds.
  path: Assets/Tiles/Ground Block No Moss.png
  artifactKey: Guid(ae905a25fee5e19428bbb2c3641f48d0) Importer(815301076,1909f56bfc062723c751e8b465ee728b)
Start importing Assets/Tiles/Ground Block No Moss.png using Guid(ae905a25fee5e19428bbb2c3641f48d0) Importer(815301076,1909f56bfc062723c751e8b465ee728b)  -> (artifact id: '4a055d1225104995e46c8f9f6baec6c1') in 0.015666 seconds 
  Import took 0.018738 seconds .

========================================================================
Received Import Request.
  Time since last request: 6.936682 seconds.
  path: Assets/Tiles/Ground Block No Moss.png
  artifactKey: Guid(ae905a25fee5e19428bbb2c3641f48d0) Importer(815301076,1909f56bfc062723c751e8b465ee728b)
Start importing Assets/Tiles/Ground Block No Moss.png using Guid(ae905a25fee5e19428bbb2c3641f48d0) Importer(815301076,1909f56bfc062723c751e8b465ee728b)  -> (artifact id: '7b73cd27d9b5fcafde83f1ad6ce0b275') in 0.015019 seconds 
  Import took 0.018021 seconds .

========================================================================
Received Import Request.
  Time since last request: 4.193621 seconds.
  path: Assets/Tiles/Ground Block No Moss.png
  artifactKey: Guid(ae905a25fee5e19428bbb2c3641f48d0) Importer(815301076,1909f56bfc062723c751e8b465ee728b)
Start importing Assets/Tiles/Ground Block No Moss.png using Guid(ae905a25fee5e19428bbb2c3641f48d0) Importer(815301076,1909f56bfc062723c751e8b465ee728b)  -> (artifact id: 'e69d8d3ba6b0e86c8d17a72b0448e7ee') in 0.016259 seconds 
  Import took 0.019532 seconds .

========================================================================
Received Import Request.
  Time since last request: 392.083371 seconds.
  path: ProjectSettings/TagManager.asset
  artifactKey: Guid(00000000000000003000000000000000) Importer(815301076,1909f56bfc062723c751e8b465ee728b)
Start importing ProjectSettings/TagManager.asset using Guid(00000000000000003000000000000000) Importer(815301076,1909f56bfc062723c751e8b465ee728b)  -> (artifact id: '95df672b4aaba54310d34c83eef51bb8') in 0.005031 seconds 
  Import took 0.008694 seconds .

========================================================================
Received Prepare
Registering precompiled user dll's ...
Registered in 0.004896 seconds.
Begin MonoManager ReloadAssembly
Native extension for WindowsStandalone target not found
Refreshing native plugins compatible for Editor in 0.46 ms, found 3 plugins.
Preloading 0 native plugins for Editor in 0.00 ms.
Mono: successfully reloaded assembly
- Completed reload, in  0.885 seconds
Domain Reload Profiling:
	ReloadAssembly (885ms)
		BeginReloadAssembly (114ms)
			ExecutionOrderSort (0ms)
			DisableScriptedObjects (5ms)
			BackupInstance (0ms)
			ReleaseScriptingObjects (0ms)
			CreateAndSetChildDomain (30ms)
		EndReloadAssembly (719ms)
			LoadAssemblies (94ms)
			RebuildTransferFunctionScriptingTraits (0ms)
			SetupTypeCache (243ms)
			ReleaseScriptCaches (1ms)
			RebuildScriptCaches (36ms)
			SetupLoadedEditorAssemblies (254ms)
				LogAssemblyErrors (0ms)
				InitializePlatformSupportModulesInManaged (5ms)
				SetLoadedEditorAssemblies (0ms)
				RefreshPlugins (1ms)
				BeforeProcessingInitializeOnLoad (85ms)
				ProcessInitializeOnLoadAttributes (152ms)
				ProcessInitializeOnLoadMethodAttributes (5ms)
				AfterProcessingInitializeOnLoad (6ms)
				EditorAssembliesLoaded (0ms)
			ExecutionOrderSort2 (0ms)
			AwakeInstancesAfterBackupRestoration (8ms)
Platform modules already initialized, skipping
Refreshing native plugins compatible for Editor in 0.40 ms, found 3 plugins.
Preloading 0 native plugins for Editor in 0.00 ms.
Unloading 2084 Unused Serialized files (Serialized files now loaded: 0)
System memory in use before: 95.7 MB.
System memory in use after: 95.8 MB.

Unloading 15 unused Assets to reduce memory usage. Loaded Objects now: 2552.
Total: 2.372700 ms (FindLiveObjects: 0.184700 ms CreateObjectMapping: 0.081400 ms MarkObjects: 2.091400 ms  DeleteObjects: 0.014500 ms)

AssetImportParameters requested are different than current active one (requested -> active):
  custom:framework-win-MediaFoundation: 216162199b28c13a410421893ffa2e32 -> 
  custom:video-decoder-ogg-theora: a1e56fd34408186e4bbccfd4996cb3dc -> 
  custom:container-muxer-webm: aa71ff27fc2769a1b78a27578f13a17b -> 
  custom:container-demuxer-webm: 4f35f7cbe854078d1ac9338744f61a02 -> 
  custom:container-demuxer-ogg: 62fdf1f143b41e24485cea50d1cbac27 -> 
  custom:video-encoder-webm-vp8: eb34c28f22e8b96e1ab97ce403110664 -> 
  custom:video-codec-MediaFoundation-h265: 746d11721c4dcdbdad8f713fa42b33f4 -> 
  custom:video-decoder-webm-vp8: 9c59270c3fd7afecdb556c50c9e8de78 -> 
  custom:audio-decoder-ogg-vorbis: bf7c407c2cedff20999df2af8eb42d56 -> 
  custom:audio-encoder-webm-vorbis: bf7c407c2cedff20999df2af8eb42d56 -> 
========================================================================
Received Import Request.
  Time since last request: 1049.407081 seconds.
  path: Assets/Scripts
  artifactKey: Guid(dd152eeb5e7c63b4f9fd253fd0c3befa) Importer(815301076,1909f56bfc062723c751e8b465ee728b)
Start importing Assets/Scripts using Guid(dd152eeb5e7c63b4f9fd253fd0c3befa) Importer(815301076,1909f56bfc062723c751e8b465ee728b)  -> (artifact id: 'ad9f58386ee8dd89f2f2e8e404459f78') in 0.006061 seconds 
  Import took 0.009189 seconds .

========================================================================
Received Import Request.
  Time since last request: 2.763799 seconds.
  path: Assets/Scripts/LinkController.cs
  artifactKey: Guid(35b0ecb29c40fc94c97086923ab92611) Importer(815301076,1909f56bfc062723c751e8b465ee728b)
Start importing Assets/Scripts/LinkController.cs using Guid(35b0ecb29c40fc94c97086923ab92611) Importer(815301076,1909f56bfc062723c751e8b465ee728b)  -> (artifact id: '73e45c9c6b7fa59a98a98c36e5796f52') in 0.012240 seconds 
  Import took 0.015636 seconds .

========================================================================
Received Prepare
Registering precompiled user dll's ...
Registered in 0.004993 seconds.
Begin MonoManager ReloadAssembly
Native extension for WindowsStandalone target not found
Refreshing native plugins compatible for Editor in 0.80 ms, found 3 plugins.
Preloading 0 native plugins for Editor in 0.00 ms.
Mono: successfully reloaded assembly
- Completed reload, in  1.016 seconds
Domain Reload Profiling:
	ReloadAssembly (1016ms)
		BeginReloadAssembly (124ms)
			ExecutionOrderSort (0ms)
			DisableScriptedObjects (8ms)
			BackupInstance (0ms)
			ReleaseScriptingObjects (0ms)
			CreateAndSetChildDomain (40ms)
		EndReloadAssembly (830ms)
			LoadAssemblies (104ms)
			RebuildTransferFunctionScriptingTraits (0ms)
			SetupTypeCache (292ms)
			ReleaseScriptCaches (1ms)
			RebuildScriptCaches (40ms)
			SetupLoadedEditorAssemblies (294ms)
				LogAssemblyErrors (0ms)
				InitializePlatformSupportModulesInManaged (4ms)
				SetLoadedEditorAssemblies (1ms)
				RefreshPlugins (1ms)
				BeforeProcessingInitializeOnLoad (85ms)
				ProcessInitializeOnLoadAttributes (190ms)
				ProcessInitializeOnLoadMethodAttributes (5ms)
				AfterProcessingInitializeOnLoad (7ms)
				EditorAssembliesLoaded (0ms)
			ExecutionOrderSort2 (0ms)
			AwakeInstancesAfterBackupRestoration (10ms)
Platform modules already initialized, skipping
Refreshing native plugins compatible for Editor in 0.46 ms, found 3 plugins.
Preloading 0 native plugins for Editor in 0.00 ms.
Unloading 2084 Unused Serialized files (Serialized files now loaded: 0)
System memory in use before: 95.7 MB.
System memory in use after: 95.8 MB.

Unloading 14 unused Assets to reduce memory usage. Loaded Objects now: 2555.
Total: 3.888200 ms (FindLiveObjects: 0.212500 ms CreateObjectMapping: 0.102600 ms MarkObjects: 3.545400 ms  DeleteObjects: 0.025700 ms)

AssetImportParameters requested are different than current active one (requested -> active):
  custom:framework-win-MediaFoundation: 216162199b28c13a410421893ffa2e32 -> 
  custom:video-decoder-ogg-theora: a1e56fd34408186e4bbccfd4996cb3dc -> 
  custom:container-muxer-webm: aa71ff27fc2769a1b78a27578f13a17b -> 
  custom:container-demuxer-webm: 4f35f7cbe854078d1ac9338744f61a02 -> 
  custom:container-demuxer-ogg: 62fdf1f143b41e24485cea50d1cbac27 -> 
  custom:video-encoder-webm-vp8: eb34c28f22e8b96e1ab97ce403110664 -> 
  custom:video-codec-MediaFoundation-h265: 746d11721c4dcdbdad8f713fa42b33f4 -> 
  custom:video-decoder-webm-vp8: 9c59270c3fd7afecdb556c50c9e8de78 -> 
  custom:audio-decoder-ogg-vorbis: bf7c407c2cedff20999df2af8eb42d56 -> 
  custom:audio-encoder-webm-vorbis: bf7c407c2cedff20999df2af8eb42d56 -> 
