Using pre-set license
Built from '2020.3/staging' branch; Version is '2020.3.20f1 (41c4e627c95f) revision 4310246'; Using compiler version '192528614'; Build Type 'Release'
OS: 'Windows 10 Home; OS build 19042.1466; Version 2009; 64bit' Language: 'en' Physical Memory: 32538 MB
BatchMode: 1, IsHumanControllingUs: 0, StartBugReporterOnCrash: 0, Is64bit: 1, IsPro: 0

COMMAND LINE ARGUMENTS:
C:\Users\vgm10\OneDrive\Documents\2020.3.20f1\Editor\Unity.exe
-adb2
-batchMode
-noUpm
-name
AssetImportWorker0
-projectPath
C:/Users/vgm10/OneDrive/Documents/Game Production/Zelda Mario Level
-logFile
Logs/AssetImportWorker0.log
-srvPort
59928
Successfully changed project path to: C:/Users/vgm10/OneDrive/Documents/Game Production/Zelda Mario Level
C:/Users/vgm10/OneDrive/Documents/Game Production/Zelda Mario Level
Using Asset Import Pipeline V2.
Refreshing native plugins compatible for Editor in 36.57 ms, found 3 plugins.
Preloading 0 native plugins for Editor in 0.00 ms.
Initialize engine version: 2020.3.20f1 (41c4e627c95f)
[Subsystems] Discovering subsystems at path C:/Users/vgm10/OneDrive/Documents/2020.3.20f1/Editor/Data/Resources/UnitySubsystems
[Subsystems] Discovering subsystems at path C:/Users/vgm10/OneDrive/Documents/Game Production/Zelda Mario Level/Assets
GfxDevice: creating device client; threaded=0
Direct3D:
    Version:  Direct3D 11.0 [level 11.1]
    Renderer: NVIDIA GeForce GTX 1660 Ti (ID=0x2182)
    Vendor:   
    VRAM:     5991 MB
    Driver:   27.21.14.6137
Initialize mono
Mono path[0] = 'C:/Users/vgm10/OneDrive/Documents/2020.3.20f1/Editor/Data/Managed'
Mono path[1] = 'C:/Users/vgm10/OneDrive/Documents/2020.3.20f1/Editor/Data/MonoBleedingEdge/lib/mono/unityjit'
Mono config path = 'C:/Users/vgm10/OneDrive/Documents/2020.3.20f1/Editor/Data/MonoBleedingEdge/etc'
Using monoOptions --debugger-agent=transport=dt_socket,embedding=1,server=y,suspend=n,address=127.0.0.1:56144
Begin MonoManager ReloadAssembly
Registering precompiled unity dll's ...
Register platform support module: C:/Users/vgm10/OneDrive/Documents/2020.3.20f1/Editor/Data/PlaybackEngines/WindowsStandaloneSupport/UnityEditor.WindowsStandalone.Extensions.dll
Registered in 0.001613 seconds.
Native extension for WindowsStandalone target not found
Refreshing native plugins compatible for Editor in 36.94 ms, found 3 plugins.
Preloading 0 native plugins for Editor in 0.00 ms.
Mono: successfully reloaded assembly
- Completed reload, in  0.947 seconds
Domain Reload Profiling:
	ReloadAssembly (947ms)
		BeginReloadAssembly (44ms)
			ExecutionOrderSort (0ms)
			DisableScriptedObjects (0ms)
			BackupInstance (0ms)
			ReleaseScriptingObjects (0ms)
			CreateAndSetChildDomain (1ms)
		EndReloadAssembly (361ms)
			LoadAssemblies (42ms)
			RebuildTransferFunctionScriptingTraits (0ms)
			SetupTypeCache (131ms)
			ReleaseScriptCaches (0ms)
			RebuildScriptCaches (30ms)
			SetupLoadedEditorAssemblies (144ms)
				LogAssemblyErrors (0ms)
				InitializePlatformSupportModulesInManaged (4ms)
				SetLoadedEditorAssemblies (0ms)
				RefreshPlugins (37ms)
				BeforeProcessingInitializeOnLoad (10ms)
				ProcessInitializeOnLoadAttributes (68ms)
				ProcessInitializeOnLoadMethodAttributes (24ms)
				AfterProcessingInitializeOnLoad (0ms)
				EditorAssembliesLoaded (0ms)
			ExecutionOrderSort2 (0ms)
			AwakeInstancesAfterBackupRestoration (0ms)
Platform modules already initialized, skipping
Registering precompiled user dll's ...
Registered in 0.002835 seconds.
Begin MonoManager ReloadAssembly
Native extension for WindowsStandalone target not found
Refreshing native plugins compatible for Editor in 32.78 ms, found 3 plugins.
Preloading 0 native plugins for Editor in 0.00 ms.
Mono: successfully reloaded assembly
- Completed reload, in  0.898 seconds
Domain Reload Profiling:
	ReloadAssembly (898ms)
		BeginReloadAssembly (118ms)
			ExecutionOrderSort (0ms)
			DisableScriptedObjects (4ms)
			BackupInstance (0ms)
			ReleaseScriptingObjects (0ms)
			CreateAndSetChildDomain (17ms)
		EndReloadAssembly (726ms)
			LoadAssemblies (73ms)
			RebuildTransferFunctionScriptingTraits (0ms)
			SetupTypeCache (244ms)
			ReleaseScriptCaches (0ms)
			RebuildScriptCaches (38ms)
			SetupLoadedEditorAssemblies (272ms)
				LogAssemblyErrors (0ms)
				InitializePlatformSupportModulesInManaged (3ms)
				SetLoadedEditorAssemblies (0ms)
				RefreshPlugins (33ms)
				BeforeProcessingInitializeOnLoad (62ms)
				ProcessInitializeOnLoadAttributes (157ms)
				ProcessInitializeOnLoadMethodAttributes (10ms)
				AfterProcessingInitializeOnLoad (6ms)
				EditorAssembliesLoaded (0ms)
			ExecutionOrderSort2 (0ms)
			AwakeInstancesAfterBackupRestoration (5ms)
Platform modules already initialized, skipping
========================================================================
Worker process is ready to serve import requests
Launched and connected shader compiler UnityShaderCompiler.exe after 0.03 seconds
Refreshing native plugins compatible for Editor in 0.38 ms, found 3 plugins.
Preloading 0 native plugins for Editor in 0.00 ms.
Unloading 2093 Unused Serialized files (Serialized files now loaded: 0)
System memory in use before: 93.1 MB.
System memory in use after: 93.2 MB.

Unloading 26 unused Assets to reduce memory usage. Loaded Objects now: 2532.
Total: 2.590900 ms (FindLiveObjects: 0.178400 ms CreateObjectMapping: 0.077400 ms MarkObjects: 2.280100 ms  DeleteObjects: 0.053900 ms)

AssetImportParameters requested are different than current active one (requested -> active):
  custom:framework-win-MediaFoundation: 216162199b28c13a410421893ffa2e32 -> 
  custom:video-decoder-ogg-theora: a1e56fd34408186e4bbccfd4996cb3dc -> 
  custom:container-muxer-webm: aa71ff27fc2769a1b78a27578f13a17b -> 
  custom:container-demuxer-webm: 4f35f7cbe854078d1ac9338744f61a02 -> 
  custom:container-demuxer-ogg: 62fdf1f143b41e24485cea50d1cbac27 -> 
  custom:video-encoder-webm-vp8: eb34c28f22e8b96e1ab97ce403110664 -> 
  custom:video-codec-MediaFoundation-h265: 746d11721c4dcdbdad8f713fa42b33f4 -> 
  custom:video-decoder-webm-vp8: 9c59270c3fd7afecdb556c50c9e8de78 -> 
  custom:audio-decoder-ogg-vorbis: bf7c407c2cedff20999df2af8eb42d56 -> 
  custom:audio-encoder-webm-vorbis: bf7c407c2cedff20999df2af8eb42d56 -> 
========================================================================
Received Import Request.
  path: Assets/Tiles
  artifactKey: Guid(91a436ff906527b43b5d6ff9e92e41fb) Importer(815301076,1909f56bfc062723c751e8b465ee728b)
Start importing Assets/Tiles using Guid(91a436ff906527b43b5d6ff9e92e41fb) Importer(815301076,1909f56bfc062723c751e8b465ee728b)  -> (artifact id: 'f121966f64a0f8cafe26a648870d2b42') in 0.003291 seconds 
  Import took 0.007300 seconds .

========================================================================
Received Import Request.
  Time since last request: 16.190671 seconds.
  path: Assets/Tiles/Rectangular Palette.prefab
  artifactKey: Guid(aa81cd7e1928fbd44b30535bd59bc7be) Importer(815301076,1909f56bfc062723c751e8b465ee728b)
Start importing Assets/Tiles/Rectangular Palette.prefab using Guid(aa81cd7e1928fbd44b30535bd59bc7be) Importer(815301076,1909f56bfc062723c751e8b465ee728b)  -> (artifact id: '1fdec60074cb1d126a981c6431d1460c') in 0.071991 seconds 
  Import took 0.076100 seconds .

========================================================================
Received Import Request.
  Time since last request: 88.366260 seconds.
  path: Assets/Tiles/Ground Block.psd
  artifactKey: Guid(1be5e1cfc64484746a8252a390576d66) Importer(815301076,1909f56bfc062723c751e8b465ee728b)
Start importing Assets/Tiles/Ground Block.psd using Guid(1be5e1cfc64484746a8252a390576d66) Importer(815301076,1909f56bfc062723c751e8b465ee728b)  -> (artifact id: 'bf0ca65df40d752a2a4b6a0df3653db6') in 0.048866 seconds 
  Import took 0.053132 seconds .

========================================================================
Received Import Request.
  Time since last request: 2.431259 seconds.
  path: Assets/Tiles/Rectangular Palette.prefab
  artifactKey: Guid(aa81cd7e1928fbd44b30535bd59bc7be) Importer(815301076,1909f56bfc062723c751e8b465ee728b)
Start importing Assets/Tiles/Rectangular Palette.prefab using Guid(aa81cd7e1928fbd44b30535bd59bc7be) Importer(815301076,1909f56bfc062723c751e8b465ee728b)  -> (artifact id: 'ac238e9bf5b01a25d6acc888a80aa842') in 0.011941 seconds 
  Import took 0.015888 seconds .

========================================================================
Received Import Request.
  Time since last request: 215.584565 seconds.
  path: Assets/Ground Block.psd
  artifactKey: Guid(742e39fa7b67321498fe51056c9953e4) Importer(815301076,1909f56bfc062723c751e8b465ee728b)
Start importing Assets/Ground Block.psd using Guid(742e39fa7b67321498fe51056c9953e4) Importer(815301076,1909f56bfc062723c751e8b465ee728b)  -> (artifact id: '5dcfb149d6e9ad95f08bf7a9cf7720c3') in 0.029455 seconds 
  Import took 0.034299 seconds .

========================================================================
Received Import Request.
  Time since last request: 107.015355 seconds.
  path: Assets/Ground Block V3.png
  artifactKey: Guid(72f1ce2c2b513724a817c32f1f37a218) Importer(815301076,1909f56bfc062723c751e8b465ee728b)
Start importing Assets/Ground Block V3.png using Guid(72f1ce2c2b513724a817c32f1f37a218) Importer(815301076,1909f56bfc062723c751e8b465ee728b)  -> (artifact id: '9af7afc4081db0734b03f428d4a4e42b') in 0.021940 seconds 
  Import took 0.025932 seconds .

========================================================================
Received Import Request.
  Time since last request: 255.504822 seconds.
  path: Assets/Tiles/Ground Block V3.asset
  artifactKey: Guid(ef83be5eb178edb4289d33999ca48be4) Importer(815301076,1909f56bfc062723c751e8b465ee728b)
Start importing Assets/Tiles/Ground Block V3.asset using Guid(ef83be5eb178edb4289d33999ca48be4) Importer(815301076,1909f56bfc062723c751e8b465ee728b)  -> (artifact id: 'e7032b624aa673591061fef74a166b4f') in 0.021922 seconds 
  Import took 0.026701 seconds .

========================================================================
Received Import Request.
  Time since last request: 0.000177 seconds.
  path: Assets/Tiles/Ground Block.prefab
  artifactKey: Guid(723a8ead7bada7a4793f25d3f2a47168) Importer(815301076,1909f56bfc062723c751e8b465ee728b)
Start importing Assets/Tiles/Ground Block.prefab using Guid(723a8ead7bada7a4793f25d3f2a47168) Importer(815301076,1909f56bfc062723c751e8b465ee728b)  -> (artifact id: 'def34566936b40e7756ef2317b37aea0') in 0.011418 seconds 
  Import took 0.015202 seconds .

========================================================================
Received Import Request.
  Time since last request: 48.039027 seconds.
  path: Assets/Ground Block V3.png
  artifactKey: Guid(72f1ce2c2b513724a817c32f1f37a218) Importer(815301076,1909f56bfc062723c751e8b465ee728b)
Start importing Assets/Ground Block V3.png using Guid(72f1ce2c2b513724a817c32f1f37a218) Importer(815301076,1909f56bfc062723c751e8b465ee728b)  -> (artifact id: '4993e284ccc3749c871df51065c44330') in 0.016769 seconds 
  Import took 0.020771 seconds .

